<?xml version="1.0" encoding="UTF-8"?>
<coverage generated="1772495331710" clover="3.2.0">
  <project timestamp="1772495331710" name="All files">
    <metrics statements="59" coveredstatements="58" conditionals="40" coveredconditionals="34" methods="13" coveredmethods="13" elements="112" coveredelements="105" complexity="0" loc="59" ncloc="59" packages="1" files="1" classes="1"/>
    <file name="orderService.ts" path="C:\Users\aorus\IdeaProjects\qa-mocking-lab\src\orderService.ts">
      <metrics statements="59" coveredstatements="58" conditionals="40" coveredconditionals="34" methods="13" coveredmethods="13"/>
      <line num="46" count="1" type="stmt"/>
      <line num="48" count="16" type="stmt"/>
      <line num="49" count="16" type="stmt"/>
      <line num="54" count="16" type="stmt"/>
      <line num="57" count="11" type="stmt"/>
      <line num="58" count="11" type="stmt"/>
      <line num="59" count="11" type="stmt"/>
      <line num="62" count="11" type="stmt"/>
      <line num="63" count="11" type="stmt"/>
      <line num="64" count="10" type="stmt"/>
      <line num="65" count="10" type="stmt"/>
      <line num="67" count="10" type="stmt"/>
      <line num="70" count="10" type="stmt"/>
      <line num="73" count="7" type="stmt"/>
      <line num="76" count="7" type="cond" truecount="1" falsecount="0"/>
      <line num="77" count="1" type="cond" truecount="2" falsecount="0"/>
      <line num="81" count="6" type="stmt"/>
      <line num="84" count="7" type="stmt"/>
      <line num="90" count="6" type="stmt"/>
      <line num="96" count="6" type="stmt"/>
      <line num="104" count="16" type="cond" truecount="3" falsecount="0"/>
      <line num="105" count="1" type="stmt"/>
      <line num="107" count="15" type="cond" truecount="3" falsecount="0"/>
      <line num="108" count="1" type="stmt"/>
      <line num="110" count="14" type="stmt"/>
      <line num="111" count="15" type="cond" truecount="3" falsecount="0"/>
      <line num="112" count="14" type="cond" truecount="3" falsecount="0"/>
      <line num="113" count="13" type="cond" truecount="3" falsecount="0"/>
      <line num="114" count="12" type="cond" truecount="0" falsecount="1"/>
      <line num="120" count="11" type="stmt"/>
      <line num="121" count="11" type="stmt"/>
      <line num="122" count="12" type="stmt"/>
      <line num="124" count="11" type="stmt"/>
      <line num="128" count="11" type="cond" truecount="2" falsecount="0"/>
      <line num="129" count="11" type="cond" truecount="1" falsecount="0"/>
      <line num="132" count="4" type="cond" truecount="1" falsecount="0"/>
      <line num="133" count="3" type="cond" truecount="1" falsecount="0"/>
      <line num="134" count="2" type="cond" truecount="0" falsecount="1"/>
      <line num="135" count="2" type="cond" truecount="1" falsecount="0"/>
      <line num="136" count="1" type="stmt"/>
      <line num="141" count="10" type="cond" truecount="1" falsecount="1"/>
      <line num="142" count="10" type="cond" truecount="1" falsecount="0"/>
      <line num="143" count="4" type="stmt"/>
      <line num="147" count="10" type="cond" truecount="0" falsecount="1"/>
      <line num="150" count="10" type="cond" truecount="0" falsecount="1"/>
      <line num="152" count="0" type="stmt"/>
      <line num="155" count="10" type="stmt"/>
      <line num="160" count="10" type="cond" truecount="1" falsecount="0"/>
      <line num="161" count="1" type="stmt"/>
      <line num="163" count="9" type="cond" truecount="1" falsecount="0"/>
      <line num="165" count="1" type="stmt"/>
      <line num="167" count="8" type="cond" truecount="3" falsecount="0"/>
      <line num="169" count="1" type="stmt"/>
      <line num="174" count="6" type="stmt"/>
      <line num="175" count="7" type="stmt"/>
      <line num="176" count="6" type="stmt"/>
      <line num="188" count="6" type="stmt"/>
      <line num="189" count="6" type="cond" truecount="1" falsecount="1"/>
      <line num="194" count="11" type="stmt"/>
    </file>
  </project>
</coverage>
