{"C:\\Users\\aorus\\IdeaProjects\\qa-mocking-lab\\src\\orderService.ts": {"path":"C:\\Users\\aorus\\IdeaProjects\\qa-mocking-lab\\src\\orderService.ts","statementMap":{"0":{"start":{"line":48,"column":25},"end":{"line":48,"column":53}},"1":{"start":{"line":49,"column":25},"end":{"line":49,"column":49}},"2":{"start":{"line":54,"column":8},"end":{"line":54,"column":34}},"3":{"start":{"line":57,"column":32},"end":{"line":57,"column":68}},"4":{"start":{"line":58,"column":24},"end":{"line":58,"column":41}},"5":{"start":{"line":59,"column":29},"end":{"line":59,"column":53}},"6":{"start":{"line":62,"column":30},"end":{"line":62,"column":65}},"7":{"start":{"line":63,"column":30},"end":{"line":63,"column":85}},"8":{"start":{"line":64,"column":30},"end":{"line":64,"column":83}},"9":{"start":{"line":65,"column":25},"end":{"line":65,"column":89}},"10":{"start":{"line":67,"column":27},"end":{"line":67,"column":96}},"11":{"start":{"line":70,"column":8},"end":{"line":70,"column":57}},"12":{"start":{"line":73,"column":24},"end":{"line":73,"column":92}},"13":{"start":{"line":76,"column":8},"end":{"line":78,"column":9}},"14":{"start":{"line":77,"column":12},"end":{"line":77,"column":87}},"15":{"start":{"line":81,"column":29},"end":{"line":87,"column":10}},"16":{"start":{"line":84,"column":43},"end":{"line":84,"column":51}},"17":{"start":{"line":90,"column":8},"end":{"line":94,"column":10}},"18":{"start":{"line":96,"column":8},"end":{"line":96,"column":46}},"19":{"start":{"line":104,"column":8},"end":{"line":106,"column":9}},"20":{"start":{"line":105,"column":12},"end":{"line":105,"column":57}},"21":{"start":{"line":107,"column":8},"end":{"line":109,"column":9}},"22":{"start":{"line":108,"column":12},"end":{"line":108,"column":55}},"23":{"start":{"line":110,"column":8},"end":{"line":115,"column":9}},"24":{"start":{"line":111,"column":12},"end":{"line":111,"column":98}},"25":{"start":{"line":111,"column":55},"end":{"line":111,"column":98}},"26":{"start":{"line":112,"column":12},"end":{"line":112,"column":101}},"27":{"start":{"line":112,"column":58},"end":{"line":112,"column":101}},"28":{"start":{"line":113,"column":12},"end":{"line":113,"column":108}},"29":{"start":{"line":113,"column":63},"end":{"line":113,"column":108}},"30":{"start":{"line":114,"column":12},"end":{"line":114,"column":89}},"31":{"start":{"line":114,"column":44},"end":{"line":114,"column":89}},"32":{"start":{"line":120,"column":18},"end":{"line":120,"column":19}},"33":{"start":{"line":121,"column":8},"end":{"line":123,"column":9}},"34":{"start":{"line":122,"column":12},"end":{"line":122,"column":55}},"35":{"start":{"line":124,"column":8},"end":{"line":124,"column":19}},"36":{"start":{"line":128,"column":21},"end":{"line":128,"column":60}},"37":{"start":{"line":129,"column":8},"end":{"line":129,"column":28}},"38":{"start":{"line":129,"column":19},"end":{"line":129,"column":28}},"39":{"start":{"line":132,"column":8},"end":{"line":132,"column":70}},"40":{"start":{"line":132,"column":31},"end":{"line":132,"column":70}},"41":{"start":{"line":133,"column":8},"end":{"line":133,"column":70}},"42":{"start":{"line":133,"column":31},"end":{"line":133,"column":70}},"43":{"start":{"line":134,"column":8},"end":{"line":134,"column":42}},"44":{"start":{"line":134,"column":33},"end":{"line":134,"column":42}},"45":{"start":{"line":135,"column":8},"end":{"line":135,"column":96}},"46":{"start":{"line":135,"column":40},"end":{"line":135,"column":96}},"47":{"start":{"line":136,"column":8},"end":{"line":136,"column":54}},"48":{"start":{"line":141,"column":21},"end":{"line":141,"column":51}},"49":{"start":{"line":142,"column":8},"end":{"line":142,"column":44}},"50":{"start":{"line":142,"column":35},"end":{"line":142,"column":44}},"51":{"start":{"line":143,"column":8},"end":{"line":143,"column":20}},"52":{"start":{"line":147,"column":8},"end":{"line":147,"column":40}},"53":{"start":{"line":147,"column":31},"end":{"line":147,"column":40}},"54":{"start":{"line":150,"column":8},"end":{"line":153,"column":9}},"55":{"start":{"line":152,"column":12},"end":{"line":152,"column":50}},"56":{"start":{"line":155,"column":8},"end":{"line":155,"column":49}},"57":{"start":{"line":160,"column":8},"end":{"line":162,"column":9}},"58":{"start":{"line":161,"column":12},"end":{"line":161,"column":61}},"59":{"start":{"line":163,"column":8},"end":{"line":166,"column":9}},"60":{"start":{"line":165,"column":12},"end":{"line":165,"column":53}},"61":{"start":{"line":167,"column":8},"end":{"line":170,"column":9}},"62":{"start":{"line":169,"column":12},"end":{"line":169,"column":60}},"63":{"start":{"line":174,"column":22},"end":{"line":174,"column":60}},"64":{"start":{"line":175,"column":22},"end":{"line":175,"column":68}},"65":{"start":{"line":175,"column":45},"end":{"line":175,"column":67}},"66":{"start":{"line":176,"column":8},"end":{"line":184,"column":21}},"67":{"start":{"line":188,"column":23},"end":{"line":188,"column":47}},"68":{"start":{"line":189,"column":8},"end":{"line":189,"column":64}},"69":{"start":{"line":194,"column":8},"end":{"line":194,"column":64}},"70":{"start":{"line":46,"column":0},"end":{"line":46,"column":13}}},"fnMap":{"0":{"name":"(anonymous_0)","decl":{"start":{"line":47,"column":4},"end":{"line":47,"column":null}},"loc":{"start":{"line":49,"column":49},"end":{"line":50,"column":8}}},"1":{"name":"(anonymous_1)","decl":{"start":{"line":52,"column":4},"end":{"line":52,"column":9}},"loc":{"start":{"line":52,"column":45},"end":{"line":97,"column":5}}},"2":{"name":"(anonymous_2)","decl":{"start":{"line":84,"column":35},"end":{"line":84,"column":36}},"loc":{"start":{"line":84,"column":43},"end":{"line":84,"column":51}}},"3":{"name":"(anonymous_3)","decl":{"start":{"line":103,"column":12},"end":{"line":103,"column":25}},"loc":{"start":{"line":103,"column":49},"end":{"line":116,"column":5}}},"4":{"name":"(anonymous_4)","decl":{"start":{"line":118,"column":12},"end":{"line":118,"column":29}},"loc":{"start":{"line":118,"column":48},"end":{"line":125,"column":5}}},"5":{"name":"(anonymous_5)","decl":{"start":{"line":127,"column":12},"end":{"line":127,"column":29}},"loc":{"start":{"line":127,"column":79},"end":{"line":137,"column":5}}},"6":{"name":"(anonymous_6)","decl":{"start":{"line":139,"column":12},"end":{"line":139,"column":29}},"loc":{"start":{"line":139,"column":76},"end":{"line":144,"column":5}}},"7":{"name":"(anonymous_7)","decl":{"start":{"line":146,"column":12},"end":{"line":146,"column":24}},"loc":{"start":{"line":146,"column":70},"end":{"line":156,"column":5}}},"8":{"name":"(anonymous_8)","decl":{"start":{"line":158,"column":12},"end":{"line":158,"column":26}},"loc":{"start":{"line":158,"column":60},"end":{"line":171,"column":5}}},"9":{"name":"(anonymous_9)","decl":{"start":{"line":173,"column":12},"end":{"line":173,"column":26}},"loc":{"start":{"line":173,"column":84},"end":{"line":185,"column":5}}},"10":{"name":"(anonymous_10)","decl":{"start":{"line":175,"column":38},"end":{"line":175,"column":39}},"loc":{"start":{"line":175,"column":45},"end":{"line":175,"column":67}}},"11":{"name":"(anonymous_11)","decl":{"start":{"line":187,"column":12},"end":{"line":187,"column":23}},"loc":{"start":{"line":187,"column":62},"end":{"line":190,"column":5}}},"12":{"name":"(anonymous_12)","decl":{"start":{"line":192,"column":12},"end":{"line":192,"column":22}},"loc":{"start":{"line":192,"column":22},"end":{"line":195,"column":5}}}},"branchMap":{"0":{"loc":{"start":{"line":76,"column":8},"end":{"line":78,"column":9}},"type":"if","locations":[{"start":{"line":76,"column":8},"end":{"line":78,"column":9}}]},"1":{"loc":{"start":{"line":77,"column":49},"end":{"line":77,"column":83}},"type":"binary-expr","locations":[{"start":{"line":77,"column":49},"end":{"line":77,"column":70}},{"start":{"line":77,"column":74},"end":{"line":77,"column":83}}]},"2":{"loc":{"start":{"line":85,"column":24},"end":{"line":85,"column":48}},"type":"binary-expr","locations":[{"start":{"line":85,"column":24},"end":{"line":85,"column":40}},{"start":{"line":85,"column":44},"end":{"line":85,"column":48}}]},"3":{"loc":{"start":{"line":104,"column":8},"end":{"line":106,"column":9}},"type":"if","locations":[{"start":{"line":104,"column":8},"end":{"line":106,"column":9}}]},"4":{"loc":{"start":{"line":104,"column":12},"end":{"line":104,"column":62}},"type":"binary-expr","locations":[{"start":{"line":104,"column":12},"end":{"line":104,"column":28}},{"start":{"line":104,"column":32},"end":{"line":104,"column":62}}]},"5":{"loc":{"start":{"line":107,"column":8},"end":{"line":109,"column":9}},"type":"if","locations":[{"start":{"line":107,"column":8},"end":{"line":109,"column":9}}]},"6":{"loc":{"start":{"line":107,"column":12},"end":{"line":107,"column":67}},"type":"binary-expr","locations":[{"start":{"line":107,"column":12},"end":{"line":107,"column":39}},{"start":{"line":107,"column":43},"end":{"line":107,"column":67}}]},"7":{"loc":{"start":{"line":111,"column":12},"end":{"line":111,"column":98}},"type":"if","locations":[{"start":{"line":111,"column":12},"end":{"line":111,"column":98}}]},"8":{"loc":{"start":{"line":111,"column":16},"end":{"line":111,"column":53}},"type":"binary-expr","locations":[{"start":{"line":111,"column":16},"end":{"line":111,"column":23}},{"start":{"line":111,"column":27},"end":{"line":111,"column":53}}]},"9":{"loc":{"start":{"line":112,"column":12},"end":{"line":112,"column":101}},"type":"if","locations":[{"start":{"line":112,"column":12},"end":{"line":112,"column":101}}]},"10":{"loc":{"start":{"line":112,"column":16},"end":{"line":112,"column":56}},"type":"binary-expr","locations":[{"start":{"line":112,"column":16},"end":{"line":112,"column":41}},{"start":{"line":112,"column":45},"end":{"line":112,"column":56}}]},"11":{"loc":{"start":{"line":113,"column":12},"end":{"line":113,"column":108}},"type":"if","locations":[{"start":{"line":113,"column":12},"end":{"line":113,"column":108}}]},"12":{"loc":{"start":{"line":113,"column":16},"end":{"line":113,"column":61}},"type":"binary-expr","locations":[{"start":{"line":113,"column":16},"end":{"line":113,"column":44}},{"start":{"line":113,"column":48},"end":{"line":113,"column":61}}]},"13":{"loc":{"start":{"line":114,"column":12},"end":{"line":114,"column":89}},"type":"if","locations":[{"start":{"line":114,"column":12},"end":{"line":114,"column":89}}]},"14":{"loc":{"start":{"line":128,"column":22},"end":{"line":128,"column":38}},"type":"binary-expr","locations":[{"start":{"line":128,"column":22},"end":{"line":128,"column":32}},{"start":{"line":128,"column":36},"end":{"line":128,"column":38}}]},"15":{"loc":{"start":{"line":129,"column":8},"end":{"line":129,"column":28}},"type":"if","locations":[{"start":{"line":129,"column":8},"end":{"line":129,"column":28}}]},"16":{"loc":{"start":{"line":132,"column":8},"end":{"line":132,"column":70}},"type":"if","locations":[{"start":{"line":132,"column":8},"end":{"line":132,"column":70}}]},"17":{"loc":{"start":{"line":133,"column":8},"end":{"line":133,"column":70}},"type":"if","locations":[{"start":{"line":133,"column":8},"end":{"line":133,"column":70}}]},"18":{"loc":{"start":{"line":134,"column":8},"end":{"line":134,"column":42}},"type":"if","locations":[{"start":{"line":134,"column":8},"end":{"line":134,"column":42}}]},"19":{"loc":{"start":{"line":135,"column":8},"end":{"line":135,"column":96}},"type":"if","locations":[{"start":{"line":135,"column":8},"end":{"line":135,"column":96}}]},"20":{"loc":{"start":{"line":141,"column":21},"end":{"line":141,"column":51}},"type":"cond-expr","locations":[{"start":{"line":141,"column":42},"end":{"line":141,"column":45}},{"start":{"line":141,"column":48},"end":{"line":141,"column":51}}]},"21":{"loc":{"start":{"line":142,"column":8},"end":{"line":142,"column":44}},"type":"if","locations":[{"start":{"line":142,"column":8},"end":{"line":142,"column":44}}]},"22":{"loc":{"start":{"line":147,"column":8},"end":{"line":147,"column":40}},"type":"if","locations":[{"start":{"line":147,"column":8},"end":{"line":147,"column":40}}]},"23":{"loc":{"start":{"line":150,"column":8},"end":{"line":153,"column":9}},"type":"if","locations":[{"start":{"line":150,"column":8},"end":{"line":153,"column":9}}]},"24":{"loc":{"start":{"line":160,"column":8},"end":{"line":162,"column":9}},"type":"if","locations":[{"start":{"line":160,"column":8},"end":{"line":162,"column":9}}]},"25":{"loc":{"start":{"line":163,"column":8},"end":{"line":166,"column":9}},"type":"if","locations":[{"start":{"line":163,"column":8},"end":{"line":166,"column":9}}]},"26":{"loc":{"start":{"line":167,"column":8},"end":{"line":170,"column":9}},"type":"if","locations":[{"start":{"line":167,"column":8},"end":{"line":170,"column":9}}]},"27":{"loc":{"start":{"line":167,"column":12},"end":{"line":167,"column":54}},"type":"binary-expr","locations":[{"start":{"line":167,"column":12},"end":{"line":167,"column":31}},{"start":{"line":167,"column":35},"end":{"line":167,"column":54}}]},"28":{"loc":{"start":{"line":189,"column":15},"end":{"line":189,"column":63}},"type":"cond-expr","locations":[{"start":{"line":189,"column":36},"end":{"line":189,"column":48}},{"start":{"line":189,"column":51},"end":{"line":189,"column":63}}]}},"s":{"0":16,"1":16,"2":16,"3":11,"4":11,"5":11,"6":11,"7":11,"8":10,"9":10,"10":10,"11":10,"12":7,"13":7,"14":1,"15":6,"16":7,"17":6,"18":6,"19":16,"20":1,"21":15,"22":1,"23":14,"24":15,"25":1,"26":14,"27":1,"28":13,"29":1,"30":12,"31":0,"32":11,"33":11,"34":12,"35":11,"36":11,"37":11,"38":7,"39":4,"40":1,"41":3,"42":1,"43":2,"44":0,"45":2,"46":1,"47":1,"48":10,"49":10,"50":6,"51":4,"52":10,"53":0,"54":10,"55":0,"56":10,"57":10,"58":1,"59":9,"60":1,"61":8,"62":1,"63":6,"64":6,"65":7,"66":6,"67":6,"68":6,"69":11,"70":1},"f":{"0":16,"1":16,"2":7,"3":16,"4":11,"5":11,"6":10,"7":10,"8":10,"9":6,"10":7,"11":6,"12":11},"b":{"0":[1],"1":[1,1],"2":[6,3],"3":[1],"4":[16,16],"5":[1],"6":[15,15],"7":[1],"8":[15,14],"9":[1],"10":[14,14],"11":[1],"12":[13,13],"13":[0],"14":[11,7],"15":[7],"16":[1],"17":[1],"18":[0],"19":[1],"20":[10,0],"21":[6],"22":[0],"23":[0],"24":[1],"25":[1],"26":[1],"27":[8,1],"28":[6,0]}}
}
