TN:
SF:src\orderService.ts
FN:47,(anonymous_0)
FN:52,(anonymous_1)
FN:84,(anonymous_2)
FN:103,(anonymous_3)
FN:118,(anonymous_4)
FN:127,(anonymous_5)
FN:139,(anonymous_6)
FN:146,(anonymous_7)
FN:158,(anonymous_8)
FN:173,(anonymous_9)
FN:175,(anonymous_10)
FN:187,(anonymous_11)
FN:192,(anonymous_12)
FNF:13
FNH:13
FNDA:16,(anonymous_0)
FNDA:16,(anonymous_1)
FNDA:7,(anonymous_2)
FNDA:16,(anonymous_3)
FNDA:11,(anonymous_4)
FNDA:11,(anonymous_5)
FNDA:10,(anonymous_6)
FNDA:10,(anonymous_7)
FNDA:10,(anonymous_8)
FNDA:6,(anonymous_9)
FNDA:7,(anonymous_10)
FNDA:6,(anonymous_11)
FNDA:11,(anonymous_12)
DA:46,1
DA:48,16
DA:49,16
DA:54,16
DA:57,11
DA:58,11
DA:59,11
DA:62,11
DA:63,11
DA:64,10
DA:65,10
DA:67,10
DA:70,10
DA:73,7
DA:76,7
DA:77,1
DA:81,6
DA:84,7
DA:90,6
DA:96,6
DA:104,16
DA:105,1
DA:107,15
DA:108,1
DA:110,14
DA:111,15
DA:112,14
DA:113,13
DA:114,12
DA:120,11
DA:121,11
DA:122,12
DA:124,11
DA:128,11
DA:129,11
DA:132,4
DA:133,3
DA:134,2
DA:135,2
DA:136,1
DA:141,10
DA:142,10
DA:143,4
DA:147,10
DA:150,10
DA:152,0
DA:155,10
DA:160,10
DA:161,1
DA:163,9
DA:165,1
DA:167,8
DA:169,1
DA:174,6
DA:175,7
DA:176,6
DA:188,6
DA:189,6
DA:194,11
LF:59
LH:58
BRDA:76,0,0,1
BRDA:77,1,0,1
BRDA:77,1,1,1
BRDA:85,2,0,6
BRDA:85,2,1,3
BRDA:104,3,0,1
BRDA:104,4,0,16
BRDA:104,4,1,16
BRDA:107,5,0,1
BRDA:107,6,0,15
BRDA:107,6,1,15
BRDA:111,7,0,1
BRDA:111,8,0,15
BRDA:111,8,1,14
BRDA:112,9,0,1
BRDA:112,10,0,14
BRDA:112,10,1,14
BRDA:113,11,0,1
BRDA:113,12,0,13
BRDA:113,12,1,13
BRDA:114,13,0,0
BRDA:128,14,0,11
BRDA:128,14,1,7
BRDA:129,15,0,7
BRDA:132,16,0,1
BRDA:133,17,0,1
BRDA:134,18,0,0
BRDA:135,19,0,1
BRDA:141,20,0,10
BRDA:141,20,1,0
BRDA:142,21,0,6
BRDA:147,22,0,0
BRDA:150,23,0,0
BRDA:160,24,0,1
BRDA:163,25,0,1
BRDA:167,26,0,1
BRDA:167,27,0,8
BRDA:167,27,1,1
BRDA:189,28,0,6
BRDA:189,28,1,0
BRF:40
BRH:34
end_of_record
